<?xml version="1.0" encoding="UTF-8"?>
<testng-results skipped="0" failed="0" ignored="0" total="1" passed="1">
  <reporter-output>
  </reporter-output>
  <suite name="Default suite" duration-ms="91751" started-at="2018-10-23T11:12:34Z" finished-at="2018-10-23T11:14:06Z">
    <groups>
    </groups>
    <test name="Default test" duration-ms="91751" started-at="2018-10-23T11:12:34Z" finished-at="2018-10-23T11:14:06Z">
      <class name="com.selenium.alltopics.ExampleSite">
        <test-method status="PASS" signature="Start()[pri:0, instance:com.selenium.alltopics.ExampleSite@56f4468b]" name="Start" is-config="true" duration-ms="15016" started-at="2018-10-23T16:42:34Z" finished-at="2018-10-23T16:42:49Z">
          <reporter-output>
          </reporter-output>
        </test-method> <!-- Start -->
        <test-method status="PASS" signature="ExampleSite()[pri:0, instance:com.selenium.alltopics.ExampleSite@56f4468b]" name="ExampleSite" duration-ms="69660" started-at="2018-10-23T16:42:49Z" finished-at="2018-10-23T16:43:59Z">
          <reporter-output>
          </reporter-output>
        </test-method> <!-- ExampleSite -->
        <test-method status="PASS" signature="teardown()[pri:0, instance:com.selenium.alltopics.ExampleSite@56f4468b]" name="teardown" is-config="true" duration-ms="7007" started-at="2018-10-23T16:43:59Z" finished-at="2018-10-23T16:44:06Z">
          <reporter-output>
          </reporter-output>
        </test-method> <!-- teardown -->
      </class> <!-- com.selenium.alltopics.ExampleSite -->
    </test> <!-- Default test -->
  </suite> <!-- Default suite -->
</testng-results>
