<?xml version="1.0" encoding="UTF-8"?>
<testng-results skipped="0" failed="0" ignored="0" total="1" passed="1">
  <reporter-output>
  </reporter-output>
  <suite name="Default suite" duration-ms="76850" started-at="2019-01-21T07:08:53Z" finished-at="2019-01-21T07:10:09Z">
    <groups>
    </groups>
    <test name="Default test" duration-ms="76850" started-at="2019-01-21T07:08:53Z" finished-at="2019-01-21T07:10:09Z">
      <class name="com.selenium.Practice.PrintFooterLinks">
        <test-method status="PASS" signature="Start()[pri:0, instance:com.selenium.Practice.PrintFooterLinks@548a9f61]" name="Start" is-config="true" duration-ms="17381" started-at="2019-01-21T12:38:53Z" finished-at="2019-01-21T12:39:10Z">
          <reporter-output>
          </reporter-output>
        </test-method> <!-- Start -->
        <test-method status="PASS" signature="footerLinks()[pri:0, instance:com.selenium.Practice.PrintFooterLinks@548a9f61]" name="footerLinks" duration-ms="55082" started-at="2019-01-21T12:39:10Z" finished-at="2019-01-21T12:40:05Z">
          <reporter-output>
          </reporter-output>
        </test-method> <!-- footerLinks -->
        <test-method status="PASS" signature="teardown()[pri:0, instance:com.selenium.Practice.PrintFooterLinks@548a9f61]" name="teardown" is-config="true" duration-ms="4311" started-at="2019-01-21T12:40:05Z" finished-at="2019-01-21T12:40:09Z">
          <reporter-output>
          </reporter-output>
        </test-method> <!-- teardown -->
      </class> <!-- com.selenium.Practice.PrintFooterLinks -->
    </test> <!-- Default test -->
  </suite> <!-- Default suite -->
</testng-results>
